<?xml version="1.0" encoding="UTF-8"?>
<testng-results skipped="0" failed="0" total="1" passed="1">
  <reporter-output>
  </reporter-output>
  <suite name="Suite" duration-ms="19037" started-at="2018-07-04T04:51:06Z" finished-at="2018-07-04T04:51:25Z">
    <groups>
    </groups>
    <test name="Test" duration-ms="19037" started-at="2018-07-04T04:51:06Z" finished-at="2018-07-04T04:51:25Z">
      <class name="selenium.Newtest2">
        <test-method status="PASS" signature="testGitHubLogin()[pri:0, instance:selenium.Newtest2@3c5a99da]" name="testGitHubLogin" duration-ms="19021" started-at="2018-07-04T10:21:06Z" finished-at="2018-07-04T10:21:25Z">
          <reporter-output>
          </reporter-output>
        </test-method> <!-- testGitHubLogin -->
      </class> <!-- selenium.Newtest2 -->
    </test> <!-- Test -->
  </suite> <!-- Suite -->
</testng-results>
